info it worked if it ends with ok
verbose cli [ 'node',
verbose cli   '/usr/local/bin/npm',
verbose cli   'uninstall',
verbose cli   'coffee-script',
verbose cli   '-g' ]
info using npm@1.1.21
info using node@v0.6.18
verbose config file /home/havvy/.npmrc
verbose config file /usr/local/etc/npmrc
verbose config file /usr/local/lib/node_modules/npm/npmrc
info unbuild /usr/local/lib/node_modules/coffee-script
verbose caching /usr/local/lib/node_modules/coffee-script/package.json
info preuninstall coffee-script@1.3.3
info uninstall coffee-script@1.3.3
verbose unbuild coffee-script@1.3.3 [ true,
verbose unbuild coffee-script@1.3.3   '/usr/local/lib/node_modules',
verbose unbuild coffee-script@1.3.3   '/usr/local/lib/node_modules' ]
verbose binRoot [ '/usr/local/bin',
verbose binRoot   { coffee: './bin/coffee', cake: './bin/cake' } ]
ERR! Refusing to delete: /usr/local/bin/coffee not in /usr/local/lib/node_modules/coffee-script
ERR! File exists: /usr/local/bin/coffee
ERR! Move it away, and try again.
ERR! 
ERR! System Linux 3.0.0-12-generic
ERR! command "node" "/usr/local/bin/npm" "uninstall" "coffee-script" "-g"
ERR! cwd /node/nrc
ERR! node -v v0.6.18
ERR! npm -v 1.1.21
ERR! path /usr/local/bin/coffee
ERR! code EEXIST
ERR! message Refusing to delete: /usr/local/bin/coffee not in /usr/local/lib/node_modules/coffee-script
ERR! errno {}
verbose exit [ 1, true ]
